commonFrame/build/outputs/logs/manifest-merger-debug-report.txt
-- Merging decision tree log ---
manifest
ADDED from AndroidManifest.xml:2:1
	package
		ADDED from AndroidManifest.xml:3:5
		INJECTED from AndroidManifest.xml:0:0
		INJECTED from AndroidManifest.xml:0:0
	android:versionName
		ADDED from AndroidManifest.xml:5:5
	android:versionCode
		ADDED from AndroidManifest.xml:4:5
		INJECTED from AndroidManifest.xml:0:0
		INJECTED from AndroidManifest.xml:0:0
	xmlns:android
		ADDED from AndroidManifest.xml:2:11
uses-sdk
ADDED from AndroidManifest.xml:7:5
MERGED from Common:googlevolleynetwork_lib:unspecified:7:5
MERGED from com.google.android.gms:play-services:7.3.0:18:5
MERGED from com.google.android.gms:play-services-ads:7.3.0:18:5
MERGED from com.google.android.gms:play-services-base:7.3.0:18:5
MERGED from com.android.support:support-v4:22.0.0:20:5
MERGED from com.google.android.gms:play-services-analytics:7.3.0:18:5
MERGED from com.google.android.gms:play-services-base:7.3.0:18:5
MERGED from com.android.support:support-v4:22.0.0:20:5
MERGED from com.google.android.gms:play-services-analytics:7.3.0:18:5
MERGED from com.google.android.gms:play-services-base:7.3.0:18:5
MERGED from com.android.support:support-v4:22.0.0:20:5
MERGED from com.google.android.gms:play-services-appindexing:7.3.0:18:5
MERGED from com.google.android.gms:play-services-base:7.3.0:18:5
MERGED from com.android.support:support-v4:22.0.0:20:5
MERGED from com.google.android.gms:play-services-appinvite:7.3.0:18:5
MERGED from com.google.android.gms:play-services-base:7.3.0:18:5
MERGED from com.android.support:support-v4:22.0.0:20:5
MERGED from com.google.android.gms:play-services-appstate:7.3.0:18:5
MERGED from com.google.android.gms:play-services-base:7.3.0:18:5
MERGED from com.android.support:support-v4:22.0.0:20:5
MERGED from com.google.android.gms:play-services-base:7.3.0:18:5
MERGED from com.android.support:support-v4:22.0.0:20:5
MERGED from com.google.android.gms:play-services-cast:7.3.0:18:5
MERGED from com.google.android.gms:play-services-base:7.3.0:18:5
MERGED from com.android.support:support-v4:22.0.0:20:5
MERGED from com.google.android.gms:play-services-drive:7.3.0:18:5
MERGED from com.google.android.gms:play-services-base:7.3.0:18:5
MERGED from com.android.support:support-v4:22.0.0:20:5
MERGED from com.google.android.gms:play-services-fitness:7.3.0:18:5
MERGED from com.google.android.gms:play-services-base:7.3.0:18:5
MERGED from com.android.support:support-v4:22.0.0:20:5
MERGED from com.google.android.gms:play-services-location:7.3.0:18:5
MERGED from com.google.android.gms:play-services-base:7.3.0:18:5
MERGED from com.android.support:support-v4:22.0.0:20:5
MERGED from com.google.android.gms:play-services-maps:7.3.0:18:5
MERGED from com.google.android.gms:play-services-base:7.3.0:18:5
MERGED from com.android.support:support-v4:22.0.0:20:5
MERGED from com.google.android.gms:play-services-games:7.3.0:18:5
MERGED from com.google.android.gms:play-services-base:7.3.0:18:5
MERGED from com.android.support:support-v4:22.0.0:20:5
MERGED from com.google.android.gms:play-services-drive:7.3.0:18:5
MERGED from com.google.android.gms:play-services-base:7.3.0:18:5
MERGED from com.android.support:support-v4:22.0.0:20:5
MERGED from com.google.android.gms:play-services-gcm:7.3.0:18:5
MERGED from com.google.android.gms:play-services-base:7.3.0:18:5
MERGED from com.android.support:support-v4:22.0.0:20:5
MERGED from com.google.android.gms:play-services-identity:7.3.0:18:5
MERGED from com.google.android.gms:play-services-base:7.3.0:18:5
MERGED from com.android.support:support-v4:22.0.0:20:5
MERGED from com.google.android.gms:play-services-location:7.3.0:18:5
MERGED from com.google.android.gms:play-services-base:7.3.0:18:5
MERGED from com.android.support:support-v4:22.0.0:20:5
MERGED from com.google.android.gms:play-services-maps:7.3.0:18:5
MERGED from com.google.android.gms:play-services-base:7.3.0:18:5
MERGED from com.android.support:support-v4:22.0.0:20:5
MERGED from com.google.android.gms:play-services-maps:7.3.0:18:5
MERGED from com.google.android.gms:play-services-base:7.3.0:18:5
MERGED from com.android.support:support-v4:22.0.0:20:5
MERGED from com.google.android.gms:play-services-nearby:7.3.0:18:5
MERGED from com.google.android.gms:play-services-base:7.3.0:18:5
MERGED from com.android.support:support-v4:22.0.0:20:5
MERGED from com.google.android.gms:play-services-panorama:7.3.0:18:5
MERGED from com.google.android.gms:play-services-base:7.3.0:18:5
MERGED from com.android.support:support-v4:22.0.0:20:5
MERGED from com.google.android.gms:play-services-plus:7.3.0:18:5
MERGED from com.google.android.gms:play-services-base:7.3.0:18:5
MERGED from com.android.support:support-v4:22.0.0:20:5
MERGED from com.google.android.gms:play-services-safetynet:7.3.0:18:5
MERGED from com.google.android.gms:play-services-base:7.3.0:18:5
MERGED from com.android.support:support-v4:22.0.0:20:5
MERGED from com.google.android.gms:play-services-wallet:7.3.0:18:5
MERGED from com.google.android.gms:play-services-base:7.3.0:18:5
MERGED from com.android.support:support-v4:22.0.0:20:5
MERGED from com.google.android.gms:play-services-identity:7.3.0:18:5
MERGED from com.google.android.gms:play-services-base:7.3.0:18:5
MERGED from com.android.support:support-v4:22.0.0:20:5
MERGED from com.google.android.gms:play-services-maps:7.3.0:18:5
MERGED from com.google.android.gms:play-services-base:7.3.0:18:5
MERGED from com.android.support:support-v4:22.0.0:20:5
MERGED from com.google.android.gms:play-services-wearable:7.3.0:18:5
MERGED from com.google.android.gms:play-services-base:7.3.0:18:5
MERGED from com.android.support:support-v4:22.0.0:20:5
MERGED from com.android.support:appcompat-v7:22.0.0:20:5
MERGED from com.android.support:support-v4:22.0.0:20:5
	android:maxSdkVersion
		ADDED from AndroidManifest.xml:8:9
	android:targetSdkVersion
		ADDED from AndroidManifest.xml:10:9
		INJECTED from AndroidManifest.xml:0:0
		INJECTED from AndroidManifest.xml:0:0
	android:minSdkVersion
		ADDED from AndroidManifest.xml:9:9
		INJECTED from AndroidManifest.xml:0:0
		INJECTED from AndroidManifest.xml:0:0
application
ADDED from AndroidManifest.xml:12:5
MERGED from Common:googlevolleynetwork_lib:unspecified:11:5
MERGED from com.google.android.gms:play-services:7.3.0:19:5
MERGED from com.google.android.gms:play-services-ads:7.3.0:19:5
MERGED from com.google.android.gms:play-services-base:7.3.0:20:5
MERGED from com.android.support:support-v4:22.0.0:22:5
MERGED from com.google.android.gms:play-services-analytics:7.3.0:19:5
MERGED from com.google.android.gms:play-services-base:7.3.0:20:5
MERGED from com.android.support:support-v4:22.0.0:22:5
MERGED from com.google.android.gms:play-services-analytics:7.3.0:19:5
MERGED from com.google.android.gms:play-services-base:7.3.0:20:5
MERGED from com.android.support:support-v4:22.0.0:22:5
MERGED from com.google.android.gms:play-services-appindexing:7.3.0:19:5
MERGED from com.google.android.gms:play-services-base:7.3.0:20:5
MERGED from com.android.support:support-v4:22.0.0:22:5
MERGED from com.google.android.gms:play-services-appinvite:7.3.0:19:5
MERGED from com.google.android.gms:play-services-base:7.3.0:20:5
MERGED from com.android.support:support-v4:22.0.0:22:5
MERGED from com.google.android.gms:play-services-appstate:7.3.0:19:5
MERGED from com.google.android.gms:play-services-base:7.3.0:20:5
MERGED from com.android.support:support-v4:22.0.0:22:5
MERGED from com.google.android.gms:play-services-base:7.3.0:20:5
MERGED from com.android.support:support-v4:22.0.0:22:5
MERGED from com.google.android.gms:play-services-cast:7.3.0:19:5
MERGED from com.google.android.gms:play-services-base:7.3.0:20:5
MERGED from com.android.support:support-v4:22.0.0:22:5
MERGED from com.google.android.gms:play-services-drive:7.3.0:19:5
MERGED from com.google.android.gms:play-services-base:7.3.0:20:5
MERGED from com.android.support:support-v4:22.0.0:22:5
MERGED from com.google.android.gms:play-services-fitness:7.3.0:19:5
MERGED from com.google.android.gms:play-services-base:7.3.0:20:5
MERGED from com.android.support:support-v4:22.0.0:22:5
MERGED from com.google.android.gms:play-services-location:7.3.0:19:5
MERGED from com.google.android.gms:play-services-base:7.3.0:20:5
MERGED from com.android.support:support-v4:22.0.0:22:5
MERGED from com.google.android.gms:play-services-maps:7.3.0:19:5
MERGED from com.google.android.gms:play-services-base:7.3.0:20:5
MERGED from com.android.support:support-v4:22.0.0:22:5
MERGED from com.google.android.gms:play-services-games:7.3.0:19:5
MERGED from com.google.android.gms:play-services-base:7.3.0:20:5
MERGED from com.android.support:support-v4:22.0.0:22:5
MERGED from com.google.android.gms:play-services-drive:7.3.0:19:5
MERGED from com.google.android.gms:play-services-base:7.3.0:20:5
MERGED from com.android.support:support-v4:22.0.0:22:5
MERGED from com.google.android.gms:play-services-gcm:7.3.0:19:5
MERGED from com.google.android.gms:play-services-base:7.3.0:20:5
MERGED from com.android.support:support-v4:22.0.0:22:5
MERGED from com.google.android.gms:play-services-identity:7.3.0:19:5
MERGED from com.google.android.gms:play-services-base:7.3.0:20:5
MERGED from com.android.support:support-v4:22.0.0:22:5
MERGED from com.google.android.gms:play-services-location:7.3.0:19:5
MERGED from com.google.android.gms:play-services-base:7.3.0:20:5
MERGED from com.android.support:support-v4:22.0.0:22:5
MERGED from com.google.android.gms:play-services-maps:7.3.0:19:5
MERGED from com.google.android.gms:play-services-base:7.3.0:20:5
MERGED from com.android.support:support-v4:22.0.0:22:5
MERGED from com.google.android.gms:play-services-maps:7.3.0:19:5
MERGED from com.google.android.gms:play-services-base:7.3.0:20:5
MERGED from com.android.support:support-v4:22.0.0:22:5
MERGED from com.google.android.gms:play-services-nearby:7.3.0:19:5
MERGED from com.google.android.gms:play-services-base:7.3.0:20:5
MERGED from com.android.support:support-v4:22.0.0:22:5
MERGED from com.google.android.gms:play-services-panorama:7.3.0:19:5
MERGED from com.google.android.gms:play-services-base:7.3.0:20:5
MERGED from com.android.support:support-v4:22.0.0:22:5
MERGED from com.google.android.gms:play-services-plus:7.3.0:19:5
MERGED from com.google.android.gms:play-services-base:7.3.0:20:5
MERGED from com.android.support:support-v4:22.0.0:22:5
MERGED from com.google.android.gms:play-services-safetynet:7.3.0:19:5
MERGED from com.google.android.gms:play-services-base:7.3.0:20:5
MERGED from com.android.support:support-v4:22.0.0:22:5
MERGED from com.google.android.gms:play-services-wallet:7.3.0:19:5
MERGED from com.google.android.gms:play-services-base:7.3.0:20:5
MERGED from com.android.support:support-v4:22.0.0:22:5
MERGED from com.google.android.gms:play-services-identity:7.3.0:19:5
MERGED from com.google.android.gms:play-services-base:7.3.0:20:5
MERGED from com.android.support:support-v4:22.0.0:22:5
MERGED from com.google.android.gms:play-services-maps:7.3.0:19:5
MERGED from com.google.android.gms:play-services-base:7.3.0:20:5
MERGED from com.android.support:support-v4:22.0.0:22:5
MERGED from com.google.android.gms:play-services-wearable:7.3.0:19:5
MERGED from com.google.android.gms:play-services-base:7.3.0:20:5
MERGED from com.android.support:support-v4:22.0.0:22:5
MERGED from com.android.support:appcompat-v7:22.0.0:22:5
MERGED from com.android.support:support-v4:22.0.0:22:5
	android:label
		ADDED from AndroidManifest.xml:16:9
	android:supportsRtl
		ADDED from AndroidManifest.xml:17:9
	android:allowBackup
		ADDED from AndroidManifest.xml:14:9
	android:icon
		ADDED from AndroidManifest.xml:15:9
	android:theme
		ADDED from AndroidManifest.xml:18:9
	android:name
		ADDED from AndroidManifest.xml:13:9
meta-data#com.google.android.gms.version
ADDED from AndroidManifest.xml:19:9
MERGED from com.google.android.gms:play-services-base:7.3.0:21:9
MERGED from com.google.android.gms:play-services-base:7.3.0:21:9
MERGED from com.google.android.gms:play-services-base:7.3.0:21:9
MERGED from com.google.android.gms:play-services-base:7.3.0:21:9
MERGED from com.google.android.gms:play-services-base:7.3.0:21:9
MERGED from com.google.android.gms:play-services-base:7.3.0:21:9
MERGED from com.google.android.gms:play-services-base:7.3.0:21:9
MERGED from com.google.android.gms:play-services-base:7.3.0:21:9
MERGED from com.google.android.gms:play-services-base:7.3.0:21:9
MERGED from com.google.android.gms:play-services-base:7.3.0:21:9
MERGED from com.google.android.gms:play-services-base:7.3.0:21:9
MERGED from com.google.android.gms:play-services-base:7.3.0:21:9
MERGED from com.google.android.gms:play-services-base:7.3.0:21:9
MERGED from com.google.android.gms:play-services-base:7.3.0:21:9
MERGED from com.google.android.gms:play-services-base:7.3.0:21:9
MERGED from com.google.android.gms:play-services-base:7.3.0:21:9
MERGED from com.google.android.gms:play-services-base:7.3.0:21:9
MERGED from com.google.android.gms:play-services-base:7.3.0:21:9
MERGED from com.google.android.gms:play-services-base:7.3.0:21:9
MERGED from com.google.android.gms:play-services-base:7.3.0:21:9
MERGED from com.google.android.gms:play-services-base:7.3.0:21:9
MERGED from com.google.android.gms:play-services-base:7.3.0:21:9
MERGED from com.google.android.gms:play-services-base:7.3.0:21:9
MERGED from com.google.android.gms:play-services-base:7.3.0:21:9
MERGED from com.google.android.gms:play-services-base:7.3.0:21:9
MERGED from com.google.android.gms:play-services-base:7.3.0:21:9
MERGED from com.google.android.gms:play-services-base:7.3.0:21:9
	android:value
		ADDED from AndroidManifest.xml:21:13
	android:name
		ADDED from AndroidManifest.xml:20:13
activity#com.example.commonframe.BaseActivity
ADDED from AndroidManifest.xml:23:9
	android:screenOrientation
		ADDED from AndroidManifest.xml:26:13
	android:windowSoftInputMode
		ADDED from AndroidManifest.xml:27:13
	android:configChanges
		ADDED from AndroidManifest.xml:25:13
	android:name
		ADDED from AndroidManifest.xml:24:13
intent-filter#android.intent.action.MAIN+android.intent.category.LAUNCHER
ADDED from AndroidManifest.xml:28:13
action#android.intent.action.MAIN
ADDED from AndroidManifest.xml:29:17
	android:name
		ADDED from AndroidManifest.xml:29:25
category#android.intent.category.LAUNCHER
ADDED from AndroidManifest.xml:31:17
	android:name
		ADDED from AndroidManifest.xml:31:27
intent-filter#android.intent.action.VIEW+android.intent.category.BROWSABLE+android.intent.category.DEFAULT
ADDED from AndroidManifest.xml:33:13
action#android.intent.action.VIEW
ADDED from AndroidManifest.xml:34:17
	android:name
		ADDED from AndroidManifest.xml:34:25
category#android.intent.category.DEFAULT
ADDED from AndroidManifest.xml:36:17
	android:name
		ADDED from AndroidManifest.xml:36:27
category#android.intent.category.BROWSABLE
ADDED from AndroidManifest.xml:37:17
	android:name
		ADDED from AndroidManifest.xml:37:27
data
ADDED from AndroidManifest.xml:40:17
	android:host
		ADDED from AndroidManifest.xml:41:21
	android:scheme
		ADDED from AndroidManifest.xml:42:21